Surefiz/commonutils_2_0/build/intermediates/manifest_merge_blame_file/debug/manifest-merger-blame-debug-report.txt
1<?xml version="1.0" encoding="utf-8"?>
2<manifest xmlns:android="http://schemas.android.com/apk/res/android"
3    package="com.rts.commonutils_2_0"
4    android:versionCode="1"
5    android:versionName="1.0" >
6
7    <uses-sdk
8        android:minSdkVersion="21"
8-->src/main/AndroidManifest.xml
9        android:targetSdkVersion="28" />
9-->src/main/AndroidManifest.xml
10
11    <uses-permission android:name="android.permission.ACCESS_NETWORK_STATE" />
11-->src/main/AndroidManifest.xml:5:5-79
11-->src/main/AndroidManifest.xml:5:22-76
12
13    <application
13-->src/main/AndroidManifest.xml:7:5-10:19
14        android:allowBackup="true"
14-->src/main/AndroidManifest.xml:7:18-44
15        android:label="@string/app_name"
15-->src/main/AndroidManifest.xml:7:45-77
16        android:supportsRtl="true" >
16-->src/main/AndroidManifest.xml:8:9-35
17    </application>
18
19</manifest>